# JRE version: OpenJDK Runtime Environment Temurin-21.0.11+10 (21.0.11+10) (build 21.0.11+10-LTS)
# Java VM: OpenJDK 64-Bit Server VM Temurin-21.0.11+10 (21.0.11+10-LTS, mixed mode, sharing, tiered, compressed oops, compressed class ptrs, g1 gc, windows-amd64)
GC Precious Log:
 CardTable entry size: 512
 Card Set container configuration: InlinePtr #cards 4 size 8 Array Of Cards #cards 16 size 48 Howl #buckets 8 coarsen threshold 3686 Howl Bitmap #cards 512 size 80 coarsen threshold 460 Card regions per heap region 1 cards per card region 4096
 CPUs: 12 total, 12 available
 Memory: 7381M
 Large Page Support: Disabled
 NUMA Support: Disabled
 Compressed Oops: Enabled (Zero based)
 Heap Region Size: 2M
 Heap Min Capacity: 8M
 Heap Initial Capacity: 116M
 Heap Max Capacity: 4G
 Pre-touch: Disabled
 Parallel Workers: 10
 Concurrent Workers: 3
 Concurrent Refinement Workers: 10
 Periodic GC: Disabled
 String Deduplication is enabled
Heap:
 garbage-first heap   total 139264K, used 118294K [0x0000000700000000, 0x0000000800000000)
  region size 2048K, 30 young (61440K), 4 survivors (8192K)
 Metaspace       used 53426K, committed 54784K, reserved 1114112K
  class space    used 5822K, committed 6400K, reserved 1048576K
GC Heap History (20 events):
Event: 61.906 GC heap after
{Heap after GC invocations=11 (full 0):
 garbage-first heap   total 79872K, used 23562K [0x0000000700000000, 0x0000000800000000)
  region size 2048K, 2 young (4096K), 2 survivors (4096K)
 Metaspace       used 38569K, committed 39808K, reserved 1114112K
  class space    used 4061K, committed 4608K, reserved 1048576K
}
Event: 62.152 GC heap before
{Heap before GC invocations=11 (full 0):
 garbage-first heap   total 79872K, used 66570K [0x0000000700000000, 0x0000000800000000)
  region size 2048K, 23 young (47104K), 2 survivors (4096K)
 Metaspace       used 41459K, committed 42752K, reserved 1114112K
  class space    used 4386K, committed 4928K, reserved 1048576K
}
Event: 62.159 GC heap after
{Heap after GC invocations=12 (full 0):
 garbage-first heap   total 79872K, used 26819K [0x0000000700000000, 0x0000000800000000)
  region size 2048K, 3 young (6144K), 3 survivors (6144K)
 Metaspace       used 41459K, committed 42752K, reserved 1114112K
  class space    used 4386K, committed 4928K, reserved 1048576K
}
Event: 62.359 GC heap before
{Heap before GC invocations=12 (full 0):
 garbage-first heap   total 79872K, used 65731K [0x0000000700000000, 0x0000000800000000)
  region size 2048K, 23 young (47104K), 3 survivors (6144K)
 Metaspace       used 43298K, committed 44544K, reserved 1114112K
  class space    used 4615K, committed 5120K, reserved 1048576K
}
Event: 62.365 GC heap after
{Heap after GC invocations=13 (full 0):
 garbage-first heap   total 79872K, used 30155K [0x0000000700000000, 0x0000000800000000)
  region size 2048K, 2 young (4096K), 2 survivors (4096K)
 Metaspace       used 43298K, committed 44544K, reserved 1114112K
  class space    used 4615K, committed 5120K, reserved 1048576K
}
Event: 62.497 GC heap before
{Heap before GC invocations=13 (full 0):
 garbage-first heap   total 79872K, used 69067K [0x0000000700000000, 0x0000000800000000)
  region size 2048K, 21 young (43008K), 2 survivors (4096K)
 Metaspace       used 44486K, committed 45760K, reserved 1114112K
  class space    used 4763K, committed 5312K, reserved 1048576K
}
Event: 62.503 GC heap after
{Heap after GC invocations=14 (full 0):
 garbage-first heap   total 79872K, used 33583K [0x0000000700000000, 0x0000000800000000)
  region size 2048K, 2 young (4096K), 2 survivors (4096K)
 Metaspace       used 44486K, committed 45760K, reserved 1114112K
  class space    used 4763K, committed 5312K, reserved 1048576K
}
Event: 62.592 GC heap before
{Heap before GC invocations=14 (full 0):
 garbage-first heap   total 79872K, used 66351K [0x0000000700000000, 0x0000000800000000)
  region size 2048K, 19 young (38912K), 2 survivors (4096K)
 Metaspace       used 45701K, committed 47040K, reserved 1114112K
  class space    used 4923K, committed 5504K, reserved 1048576K
}
Event: 62.596 GC heap after
{Heap after GC invocations=15 (full 0):
 garbage-first heap   total 102400K, used 36554K [0x0000000700000000, 0x0000000800000000)
  region size 2048K, 2 young (4096K), 2 survivors (4096K)
 Metaspace       used 45701K, committed 47040K, reserved 1114112K
  class space    used 4923K, committed 5504K, reserved 1048576K
}
Event: 62.781 GC heap before
{Heap before GC invocations=15 (full 0):
 garbage-first heap   total 102400K, used 85706K [0x0000000700000000, 0x0000000800000000)
  region size 2048K, 27 young (55296K), 2 survivors (4096K)
 Metaspace       used 47191K, committed 48576K, reserved 1114112K
  class space    used 5105K, committed 5696K, reserved 1048576K
}
Event: 62.786 GC heap after
{Heap after GC invocations=16 (full 0):
 garbage-first heap   total 102400K, used 40851K [0x0000000700000000, 0x0000000800000000)
  region size 2048K, 4 young (8192K), 4 survivors (8192K)
 Metaspace       used 47191K, committed 48576K, reserved 1114112K
  class space    used 5105K, committed 5696K, reserved 1048576K
}
Event: 62.952 GC heap before
{Heap before GC invocations=16 (full 0):
 garbage-first heap   total 102400K, used 87955K [0x0000000700000000, 0x0000000800000000)
  region size 2048K, 27 young (55296K), 4 survivors (8192K)
 Metaspace       used 48269K, committed 49600K, reserved 1114112K
  class space    used 5250K, committed 5824K, reserved 1048576K
}
Event: 62.961 GC heap after
{Heap after GC invocations=17 (full 0):
 garbage-first heap   total 104448K, used 47666K [0x0000000700000000, 0x0000000800000000)
  region size 2048K, 4 young (8192K), 4 survivors (8192K)
 Metaspace       used 48269K, committed 49600K, reserved 1114112K
  class space    used 5250K, committed 5824K, reserved 1048576K
}
Event: 63.344 GC heap before
{Heap before GC invocations=17 (full 0):
 garbage-first heap   total 104448K, used 88626K [0x0000000700000000, 0x0000000800000000)
  region size 2048K, 25 young (51200K), 4 survivors (8192K)
 Metaspace       used 50983K, committed 52224K, reserved 1114112K
  class space    used 5544K, committed 6080K, reserved 1048576K
}
Event: 63.349 GC heap after
{Heap after GC invocations=18 (full 0):
 garbage-first heap   total 104448K, used 48108K [0x0000000700000000, 0x0000000800000000)
  region size 2048K, 2 young (4096K), 2 survivors (4096K)
 Metaspace       used 50983K, committed 52224K, reserved 1114112K
  class space    used 5544K, committed 6080K, reserved 1048576K
}
Event: 63.742 GC heap before
{Heap before GC invocations=18 (full 0):
 garbage-first heap   total 104448K, used 87020K [0x0000000700000000, 0x0000000800000000)
  region size 2048K, 22 young (45056K), 2 survivors (4096K)
 Metaspace       used 51979K, committed 53248K, reserved 1114112K
  class space    used 5676K, committed 6208K, reserved 1048576K
}
Event: 63.749 GC heap after
{Heap after GC invocations=19 (full 0):
 garbage-first heap   total 139264K, used 54631K [0x0000000700000000, 0x0000000800000000)
  region size 2048K, 3 young (6144K), 3 survivors (6144K)
 Metaspace       used 51979K, committed 53248K, reserved 1114112K
  class space    used 5676K, committed 6208K, reserved 1048576K
}
Event: 64.242 GC heap before
{Heap before GC invocations=20 (full 0):
 garbage-first heap   total 139264K, used 116071K [0x0000000700000000, 0x0000000800000000)
  region size 2048K, 34 young (69632K), 3 survivors (6144K)
 Metaspace       used 52611K, committed 53952K, reserved 1114112K
  class space    used 5748K, committed 6272K, reserved 1048576K
}
Event: 64.249 GC heap after
{Heap after GC invocations=21 (full 0):
 garbage-first heap   total 139264K, used 65046K [0x0000000700000000, 0x0000000800000000)
  region size 2048K, 5 young (10240K), 5 survivors (10240K)
 Metaspace       used 52611K, committed 53952K, reserved 1114112K
  class space    used 5748K, committed 6272K, reserved 1048576K
}
Event: 64.880 GC heap before
{Heap before GC invocations=21 (full 0):
 garbage-first heap   total 139264K, used 116246K [0x0000000700000000, 0x0000000800000000)
  region size 2048K, 31 young (63488K), 5 survivors (10240K)
 Metaspace       used 53426K, committed 54784K, reserved 1114112K
  class space    used 5822K, committed 6400K, reserved 1048576K
}

